This is pdfTeX, Version 3.14159265-2.6-1.40.19 (MiKTeX 2.9.6840 64-bit) (preloaded format=pdflatex 2018.11.14)  12 MAR 2020 12:17
entering extended mode
**./report.tex
(report.tex
LaTeX2e <2018-04-01> patch level 5
("C:\Users\paul\AppData\Local\Programs\MiKTeX 2.9\tex\latex\base\report.cls"
Document Class: report 2014/09/29 v1.4h Standard LaTeX document class
("C:\Users\paul\AppData\Local\Programs\MiKTeX 2.9\tex\latex\base\size11.clo"
File: size11.clo 2014/09/29 v1.4h Standard LaTeX file (size option)
)
\c@part=\count80
\c@chapter=\count81
\c@section=\count82
\c@subsection=\count83
\c@subsubsection=\count84
\c@paragraph=\count85
\c@subparagraph=\count86
\c@figure=\count87
\c@table=\count88
\abovecaptionskip=\skip41
\belowcaptionskip=\skip42
\bibindent=\dimen102
)
("C:\Users\paul\AppData\Local\Programs\MiKTeX 2.9\tex\latex\base\inputenc.sty"
Package: inputenc 2018/04/06 v1.3b Input encoding file
\inpenc@prehook=\toks14
\inpenc@posthook=\toks15
) ("C:\Users\paul\AppData\Local\Programs\MiKTeX 2.9\tex\latex\amsmath\amsmath.s
ty"
Package: amsmath 2017/09/02 v2.17a AMS math features
\@mathmargin=\skip43

For additional information on amsmath, use the `?' option.
("C:\Users\paul\AppData\Local\Programs\MiKTeX 2.9\tex\latex\amsmath\amstext.sty
"
Package: amstext 2000/06/29 v2.01 AMS text
 ("C:\Users\paul\AppData\Local\Programs\MiKTeX 2.9\tex\latex\amsmath\amsgen.sty
"
File: amsgen.sty 1999/11/30 v2.0 generic functions
\@emptytoks=\toks16
\ex@=\dimen103
))
("C:\Users\paul\AppData\Local\Programs\MiKTeX 2.9\tex\latex\amsmath\amsbsy.sty"
Package: amsbsy 1999/11/29 v1.2d Bold Symbols
\pmbraise@=\dimen104
) ("C:\Users\paul\AppData\Local\Programs\MiKTeX 2.9\tex\latex\amsmath\amsopn.st
y"
Package: amsopn 2016/03/08 v2.02 operator names
)
\inf@bad=\count89
LaTeX Info: Redefining \frac on input line 213.
\uproot@=\count90
\leftroot@=\count91
LaTeX Info: Redefining \overline on input line 375.
\classnum@=\count92
\DOTSCASE@=\count93
LaTeX Info: Redefining \ldots on input line 472.
LaTeX Info: Redefining \dots on input line 475.
LaTeX Info: Redefining \cdots on input line 596.
\Mathstrutbox@=\box26
\strutbox@=\box27
\big@size=\dimen105
LaTeX Font Info:    Redeclaring font encoding OML on input line 712.
LaTeX Font Info:    Redeclaring font encoding OMS on input line 713.
\macc@depth=\count94
\c@MaxMatrixCols=\count95
\dotsspace@=\muskip10
\c@parentequation=\count96
\dspbrk@lvl=\count97
\tag@help=\toks17
\row@=\count98
\column@=\count99
\maxfields@=\count100
\andhelp@=\toks18
\eqnshift@=\dimen106
\alignsep@=\dimen107
\tagshift@=\dimen108
\tagwidth@=\dimen109
\totwidth@=\dimen110
\lineht@=\dimen111
\@envbody=\toks19
\multlinegap=\skip44
\multlinetaggap=\skip45
\mathdisplay@stack=\toks20
LaTeX Info: Redefining \[ on input line 2817.
LaTeX Info: Redefining \] on input line 2818.
) ("C:\Users\paul\AppData\Local\Programs\MiKTeX 2.9\tex\latex\float\float.sty"
Package: float 2001/11/08 v1.3d Float enhancements (AL)
\c@float@type=\count101
\float@exts=\toks21
\float@box=\box28
\@float@everytoks=\toks22
\@floatcapt=\box29
)
("C:\Users\paul\AppData\Local\Programs\MiKTeX 2.9\tex\latex\amsfonts\amsfonts.s
ty"
Package: amsfonts 2013/01/14 v3.01 Basic AMSFonts support
\symAMSa=\mathgroup4
\symAMSb=\mathgroup5
LaTeX Font Info:    Overwriting math alphabet `\mathfrak' in version `bold'
(Font)                  U/euf/m/n --> U/euf/b/n on input line 106.
)
("C:\Users\paul\AppData\Local\Programs\MiKTeX 2.9\tex\latex\amsfonts\amssymb.st
y"
Package: amssymb 2013/01/14 v3.01 AMS font symbols
)
("C:\Users\paul\AppData\Local\Programs\MiKTeX 2.9\tex\latex\graphics\graphicx.s
ty"
Package: graphicx 2017/06/01 v1.1a Enhanced LaTeX Graphics (DPC,SPQR)

("C:\Users\paul\AppData\Local\Programs\MiKTeX 2.9\tex\latex\graphics\keyval.sty
"
Package: keyval 2014/10/28 v1.15 key=value parser (DPC)
\KV@toks@=\toks23
)
("C:\Users\paul\AppData\Local\Programs\MiKTeX 2.9\tex\latex\graphics\graphics.s
ty"
Package: graphics 2017/06/25 v1.2c Standard LaTeX Graphics (DPC,SPQR)

("C:\Users\paul\AppData\Local\Programs\MiKTeX 2.9\tex\latex\graphics\trig.sty"
Package: trig 2016/01/03 v1.10 sin cos tan (DPC)
)
("C:\Users\paul\AppData\Local\Programs\MiKTeX 2.9\tex\latex\graphics-cfg\graphi
cs.cfg"
File: graphics.cfg 2016/06/04 v1.11 sample graphics configuration
)
Package graphics Info: Driver file: pdftex.def on input line 99.

("C:\Users\paul\AppData\Local\Programs\MiKTeX 2.9\tex\latex\graphics-def\pdftex
.def"
File: pdftex.def 2018/01/08 v1.0l Graphics/color driver for pdftex
))
\Gin@req@height=\dimen112
\Gin@req@width=\dimen113
) (report.aux)
\openout1 = `report.aux'.

LaTeX Font Info:    Checking defaults for OML/cmm/m/it on input line 11.
LaTeX Font Info:    ... okay on input line 11.
LaTeX Font Info:    Checking defaults for T1/cmr/m/n on input line 11.
LaTeX Font Info:    ... okay on input line 11.
LaTeX Font Info:    Checking defaults for OT1/cmr/m/n on input line 11.
LaTeX Font Info:    ... okay on input line 11.
LaTeX Font Info:    Checking defaults for OMS/cmsy/m/n on input line 11.
LaTeX Font Info:    ... okay on input line 11.
LaTeX Font Info:    Checking defaults for OMX/cmex/m/n on input line 11.
LaTeX Font Info:    ... okay on input line 11.
LaTeX Font Info:    Checking defaults for U/cmr/m/n on input line 11.
LaTeX Font Info:    ... okay on input line 11.

("C:\Users\paul\AppData\Local\Programs\MiKTeX 2.9\tex\context\base\supp-pdf.mki
i"
[Loading MPS to PDF converter (version 2006.09.02).]
\scratchcounter=\count102
\scratchdimen=\dimen114
\scratchbox=\box30
\nofMPsegments=\count103
\nofMParguments=\count104
\everyMPshowfont=\toks24
\MPscratchCnt=\count105
\MPscratchDim=\dimen115
\MPnumerator=\count106
\makeMPintoPDFobject=\count107
\everyMPtoPDFconversion=\toks25
)
("C:\Users\paul\AppData\Local\Programs\MiKTeX 2.9\tex\latex\oberdiek\epstopdf-b
ase.sty"
Package: epstopdf-base 2016/05/15 v2.6 Base part for package epstopdf

("C:\Users\paul\AppData\Local\Programs\MiKTeX 2.9\tex\generic\oberdiek\infwarer
r.sty"
Package: infwarerr 2016/05/16 v1.4 Providing info/warning/error messages (HO)
)
("C:\Users\paul\AppData\Local\Programs\MiKTeX 2.9\tex\latex\oberdiek\grfext.sty
"
Package: grfext 2016/05/16 v1.2 Manage graphics extensions (HO)

("C:\Users\paul\AppData\Local\Programs\MiKTeX 2.9\tex\generic\oberdiek\kvdefine
keys.sty"
Package: kvdefinekeys 2016/05/16 v1.4 Define keys (HO)

("C:\Users\paul\AppData\Local\Programs\MiKTeX 2.9\tex\generic\oberdiek\ltxcmds.
sty"
Package: ltxcmds 2016/05/16 v1.23 LaTeX kernel commands for general use (HO)
)))
("C:\Users\paul\AppData\Local\Programs\MiKTeX 2.9\tex\latex\oberdiek\kvoptions.
sty"
Package: kvoptions 2016/05/16 v3.12 Key value format for package options (HO)

("C:\Users\paul\AppData\Local\Programs\MiKTeX 2.9\tex\generic\oberdiek\kvsetkey
s.sty"
Package: kvsetkeys 2016/05/16 v1.17 Key value parser (HO)

("C:\Users\paul\AppData\Local\Programs\MiKTeX 2.9\tex\generic\oberdiek\etexcmds
.sty"
Package: etexcmds 2016/05/16 v1.6 Avoid name clashes with e-TeX commands (HO)

("C:\Users\paul\AppData\Local\Programs\MiKTeX 2.9\tex\generic\oberdiek\ifluatex
.sty"
Package: ifluatex 2016/05/16 v1.4 Provides the ifluatex switch (HO)
Package ifluatex Info: LuaTeX not detected.
)
Package etexcmds Info: Could not find \expanded.
(etexcmds)             That can mean that you are not using pdfTeX 1.50 or
(etexcmds)             that some package has redefined \expanded.
(etexcmds)             In the latter case, load this package earlier.
)))
("C:\Users\paul\AppData\Local\Programs\MiKTeX 2.9\tex\generic\oberdiek\pdftexcm
ds.sty"
Package: pdftexcmds 2018/09/10 v0.29 Utility functions of pdfTeX for LuaTeX (HO
)

("C:\Users\paul\AppData\Local\Programs\MiKTeX 2.9\tex\generic\oberdiek\ifpdf.st
y"
Package: ifpdf 2018/09/07 v3.3 Provides the ifpdf switch
)
Package pdftexcmds Info: LuaTeX not detected.
Package pdftexcmds Info: \pdf@primitive is available.
Package pdftexcmds Info: \pdf@ifprimitive is available.
Package pdftexcmds Info: \pdfdraftmode found.
)
Package epstopdf-base Info: Redefining graphics rule for `.eps' on input line 4
38.
Package grfext Info: Graphics extension search list:
(grfext)             [.pdf,.png,.jpg,.mps,.jpeg,.jbig2,.jb2,.PDF,.PNG,.JPG,.JPE
G,.JBIG2,.JB2,.eps]
(grfext)             \AppendGraphicsExtensions on input line 456.
) (title-page.tex [1

{C:/Users/paul/AppData/Local/MiKTeX/2.9/pdftex/config/pdftex.map}])

LaTeX Warning: Citation `ORIGINAL_IMPL' on page 1 undefined on input line 15.

[1] (report.toc
LaTeX Font Info:    Try loading font information for U+msa on input line 1.

("C:\Users\paul\AppData\Local\Programs\MiKTeX 2.9\tex\latex\amsfonts\umsa.fd"
File: umsa.fd 2013/01/14 v3.01 AMS symbols A
)
LaTeX Font Info:    Try loading font information for U+msb on input line 1.

("C:\Users\paul\AppData\Local\Programs\MiKTeX 2.9\tex\latex\amsfonts\umsb.fd"
File: umsb.fd 2013/01/14 v3.01 AMS symbols B
)
[2

])
\tf@toc=\write3
\openout3 = `report.toc'.

 [3]
Underfull \hbox (badness 10000) in paragraph at lines 38--46

 []


Underfull \hbox (badness 10000) in paragraph at lines 47--48

 []

[4] [5]
Underfull \hbox (badness 10000) in paragraph at lines 76--77

 []

[6]
Underfull \hbox (badness 10000) in paragraph at lines 81--82

 []


Underfull \hbox (badness 10000) in paragraph at lines 83--84

 []

[7]
Underfull \hbox (badness 10000) in paragraph at lines 88--89

 []


LaTeX Warning: Citation `ARNET' on page 8 undefined on input line 90.


Overfull \hbox (46.58011pt too wide) in paragraph at lines 90--91
\OT1/cmr/m/n/10.95 https://benchmarksgame-team.pages.debian.net/benchmarksgame/
fastest/rust.html] 
 []


Underfull \hbox (badness 10000) in paragraph at lines 92--93

 []

[8]

LaTeX Warning: Reference `C++_IMPL' on page 9 undefined on input line 94.

<E131-Repo-Search.png, id=33, 545.78906pt x 441.52454pt>
File: E131-Repo-Search.png Graphic file (type png)
<use E131-Repo-Search.png>
Package pdftex.def Info: E131-Repo-Search.png  used on input line 98.
(pdftex.def)             Requested size: 360.0pt x 291.22519pt.
[9 <./E131-Repo-Search.png>]
Underfull \hbox (badness 10000) in paragraph at lines 121--122

 []

<sdlc_waterfall_model.jpg, id=39, 451.6875pt x 301.8778pt>
File: sdlc_waterfall_model.jpg Graphic file (type jpg)
<use sdlc_waterfall_model.jpg>
Package pdftex.def Info: sdlc_waterfall_model.jpg  used on input line 130.
(pdftex.def)             Requested size: 360.0pt x 240.61356pt.
[10] [11 <./sdlc_waterfall_model.jpg>]
Underfull \hbox (badness 10000) in paragraph at lines 141--142

 []


Underfull \hbox (badness 10000) in paragraph at lines 143--144

 []


Underfull \hbox (badness 10000) in paragraph at lines 145--146

 []

[12]
Underfull \hbox (badness 10000) in paragraph at lines 147--148

 []


Underfull \hbox (badness 10000) in paragraph at lines 150--151

 []

[13]
Underfull \hbox (badness 10000) in paragraph at lines 152--153

 []

<CS4099-dev-timeline.png, id=53, 830.10126pt x 672.5125pt>
File: CS4099-dev-timeline.png Graphic file (type png)
<use CS4099-dev-timeline.png>
Package pdftex.def Info: CS4099-dev-timeline.png  used on input line 156.
(pdftex.def)             Requested size: 360.0pt x 291.65807pt.
[14]
Underfull \hbox (badness 10000) in paragraph at lines 166--167

 []

[15 <./CS4099-dev-timeline.png>]
Underfull \hbox (badness 10000) in paragraph at lines 168--169

 []

[16]
Underfull \hbox (badness 10000) in paragraph at lines 180--181

 []

[17]
Underfull \hbox (badness 10000) in paragraph at lines 194--195

 []


LaTeX Warning: Citation `SACN_VIEWER_DOC' on page 18 undefined on input line 19
6.


Underfull \hbox (badness 10000) in paragraph at lines 199--200

 []

[18] [19]
<CS4099-Expected-Usage.png, id=74, 788.9475pt x 613.29124pt>
File: CS4099-Expected-Usage.png Graphic file (type png)
<use CS4099-Expected-Usage.png>
Package pdftex.def Info: CS4099-Expected-Usage.png  used on input line 213.
(pdftex.def)             Requested size: 360.0pt x 279.84338pt.
 [20 <./CS4099-Expected-Usage.png>]
Underfull \hbox (badness 10000) in paragraph at lines 249--250

 []

[21]
Underfull \hbox (badness 10000) in paragraph at lines 252--253

 []

[22]
Underfull \hbox (badness 10000) in paragraph at lines 254--255

 []


Underfull \hbox (badness 10000) in paragraph at lines 259--260

 []

[23]
Underfull \hbox (badness 10000) in paragraph at lines 265--266

 []


Overfull \hbox (99.92604pt too wide) detected at line 271
[] \OMS/cmsy/m/n/10.95  [] \OT1/cmr/m/n/10.95 = 63999 \OMS/cmsy/m/n/10.95  \O
T1/cmr/m/n/10.95 513\OML/cmm/m/it/10.95 bytes \OT1/cmr/m/n/10.95 = 32831487\OML
/cmm/m/it/10.95 bytes \OT1/cmr/m/n/10.95 = 31\OML/cmm/m/it/10.95 :\OT1/cmr/m/n/
10.95 3\OML/cmm/m/it/10.95 megabytes:
 []


Overfull \hbox (10.96207pt too wide) in paragraph at lines 275--280
\OT1/cmr/m/n/10.95 Conclusions You should sum-marise your project, em-pha-sis-i
ng your key achieve-
 []

[24]
Underfull \hbox (badness 10000) in paragraph at lines 292--293

 []


Underfull \hbox (badness 10000) in paragraph at lines 295--296

 []

[25]
Underfull \hbox (badness 10000) in paragraph at lines 304--305

 []


Underfull \hbox (badness 10000) in paragraph at lines 306--307

 []

<SH-Project-Intergration-Tests-Abstract-View.png, id=98, 674.52pt x 773.89125pt
>
File: SH-Project-Intergration-Tests-Abstract-View.png Graphic file (type png)
<use SH-Project-Intergration-Tests-Abstract-View.png>
Package pdftex.def Info: SH-Project-Intergration-Tests-Abstract-View.png  used 
on input line 310.
(pdftex.def)             Requested size: 360.0pt x 413.0417pt.
[26] [27 <./SH-Project-Intergration-Tests-Abstract-View.png>]
Overfull \hbox (1.10419pt too wide) in paragraph at lines 326--328
[]\OT1/cmr/m/n/10.95 Building doc-u-men-ta-tion from source: cargo doc --docume
nt-private-items
 []

[28]
Underfull \hbox (badness 10000) in paragraph at lines 349--350
[]\OT1/cmr/m/n/10.95 https://www.element14.com/community/groups/open-source-
 []


Underfull \hbox (badness 10000) in paragraph at lines 349--350
\OT1/cmr/m/n/10.95 hardware/blog/2017/08/24/dmx-explained-dmx512-and-rs-485-
 []


Underfull \hbox (badness 10000) in paragraph at lines 355--356
[]\OT1/cmr/m/n/10.95 http://artisticlicence.com/WebSiteMaster/User%20Guides/art
-net.pdf
 []


Underfull \hbox (badness 10000) in paragraph at lines 363--365
[]\OT1/cmr/m/n/10.95 https://tsp.esta.org/tsp/documents/docs/E1-31[]2009.pdf
 []


Underfull \hbox (badness 10000) in paragraph at lines 366--368
[]\OT1/cmr/m/n/10.95 https://tsp.esta.org/tsp/documents/docs/E1-31-2016.pdf
 []


Overfull \hbox (144.9842pt too wide) in paragraph at lines 369--370
[]\OT1/cmr/m/n/10.95 http://www.rdmprotocol.org/files/What[]Comes[]After[]Strea
ming[]DMX[]over[]ACN[]%20%284%29.pdf
 []


Overfull \hbox (66.0468pt too wide) in paragraph at lines 379--380
[]\OT1/cmr/m/n/10.95 https://benchmarksgame-team.pages.debian.net/benchmarksgam
e/fastest/rust.html
 []

[29

]
Underfull \hbox (badness 10000) in paragraph at lines 381--382
[]\OT1/cmr/m/n/10.95 https://www.techrepublic.com/article/rust-programming-lang
uage-
 []


Underfull \hbox (badness 10000) in paragraph at lines 383--384
[]\OT1/cmr/m/n/10.95 https://www.tutorialspoint.com/sdlc/sdlc[]waterfall[]model
.htm
 []

[30] (report.aux)

LaTeX Warning: There were undefined references.

 ) 
Here is how much of TeX's memory you used:
 2496 strings out of 492970
 34847 string characters out of 3127037
 102708 words of memory out of 3000000
 6325 multiletter control sequences out of 15000+200000
 11459 words of font info for 42 fonts, out of 3000000 for 9000
 1141 hyphenation exceptions out of 8191
 41i,5n,25p,3145b,222s stack positions out of 5000i,500n,10000p,200000b,50000s
<C:/Users/paul/AppData/Local/Programs/MiKTeX 2.9/fonts/type1/public/amsfonts/
cm/cmbx10.pfb><C:/Users/paul/AppData/Local/Programs/MiKTeX 2.9/fonts/type1/publ
ic/amsfonts/cm/cmbx12.pfb><C:/Users/paul/AppData/Local/Programs/MiKTeX 2.9/font
s/type1/public/amsfonts/cm/cmmi10.pfb><C:/Users/paul/AppData/Local/Programs/MiK
TeX 2.9/fonts/type1/public/amsfonts/cm/cmr10.pfb><C:/Users/paul/AppData/Local/P
rograms/MiKTeX 2.9/fonts/type1/public/amsfonts/cm/cmsy10.pfb><C:/Users/paul/App
Data/Local/Programs/MiKTeX 2.9/fonts/type1/public/amsfonts/cm/cmti10.pfb>
Output written on report.pdf (31 pages, 558670 bytes).
PDF statistics:
 136 PDF objects out of 1000 (max. 8388607)
 0 named destinations out of 1000 (max. 500000)
 26 words of extra memory for PDF output out of 10000 (max. 10000000)

